# JRE version: OpenJDK Runtime Environment (8.0_202-b03) (build 1.8.0_202-release-1483-b03)
# Java VM: OpenJDK 64-Bit Server VM (25.202-b03 mixed mode windows-amd64 compressed oops)
Heap:
 PSYoungGen      total 251904K, used 19959K [0x00000000e0000000, 0x00000000f6b80000, 0x0000000100000000)
  eden space 230400K, 0% used [0x00000000e0000000,0x00000000e0000000,0x00000000ee100000)
  from space 21504K, 92% used [0x00000000ee100000,0x00000000ef47df18,0x00000000ef600000)
  to   space 24064K, 0% used [0x00000000f5400000,0x00000000f5400000,0x00000000f6b80000)
 ParOldGen       total 142336K, used 25016K [0x00000000a0000000, 0x00000000a8b00000, 0x00000000e0000000)
  object space 142336K, 17% used [0x00000000a0000000,0x00000000a186e1a8,0x00000000a8b00000)
 Metaspace       used 57104K, capacity 59062K, committed 59096K, reserved 1099776K
  class space    used 7644K, capacity 8050K, committed 8064K, reserved 1048576K
GC Heap History (10 events):
Event: 4.571 GC heap after
Heap after GC invocations=5 (full 1):
 PSYoungGen      total 162304K, used 8163K [0x00000000e0000000, 0x00000000ed000000, 0x0000000100000000)
  eden space 154112K, 0% used [0x00000000e0000000,0x00000000e0000000,0x00000000e9680000)
  from space 8192K, 99% used [0x00000000ec800000,0x00000000ecff8f10,0x00000000ed000000)
  to   space 8192K, 0% used [0x00000000ec000000,0x00000000ec000000,0x00000000ec800000)
 ParOldGen       total 95232K, used 16567K [0x00000000a0000000, 0x00000000a5d00000, 0x00000000e0000000)
  object space 95232K, 17% used [0x00000000a0000000,0x00000000a102df18,0x00000000a5d00000)
 Metaspace       used 30197K, capacity 30832K, committed 31104K, reserved 1075200K
  class space    used 4200K, capacity 4378K, committed 4480K, reserved 1048576K
}
Event: 6.054 GC heap before
{Heap before GC invocations=6 (full 1):
 PSYoungGen      total 162304K, used 60874K [0x00000000e0000000, 0x00000000ed000000, 0x0000000100000000)
  eden space 154112K, 34% used [0x00000000e0000000,0x00000000e3379970,0x00000000e9680000)
  from space 8192K, 99% used [0x00000000ec800000,0x00000000ecff8f10,0x00000000ed000000)
  to   space 8192K, 0% used [0x00000000ec000000,0x00000000ec000000,0x00000000ec800000)
 ParOldGen       total 95232K, used 16567K [0x00000000a0000000, 0x00000000a5d00000, 0x00000000e0000000)
  object space 95232K, 17% used [0x00000000a0000000,0x00000000a102df18,0x00000000a5d00000)
 Metaspace       used 34603K, capacity 35374K, committed 35456K, reserved 1079296K
  class space    used 4740K, capacity 4961K, committed 4992K, reserved 1048576K
Event: 6.072 GC heap after
Heap after GC invocations=6 (full 1):
 PSYoungGen      total 204800K, used 8165K [0x00000000e0000000, 0x00000000f0500000, 0x0000000100000000)
  eden space 196608K, 0% used [0x00000000e0000000,0x00000000e0000000,0x00000000ec000000)
  from space 8192K, 99% used [0x00000000ec000000,0x00000000ec7f9668,0x00000000ec800000)
  to   space 15360K, 0% used [0x00000000ef600000,0x00000000ef600000,0x00000000f0500000)
 ParOldGen       total 95232K, used 19329K [0x00000000a0000000, 0x00000000a5d00000, 0x00000000e0000000)
  object space 95232K, 20% used [0x00000000a0000000,0x00000000a12e0448,0x00000000a5d00000)
 Metaspace       used 34603K, capacity 35374K, committed 35456K, reserved 1079296K
  class space    used 4740K, capacity 4961K, committed 4992K, reserved 1048576K
}
Event: 6.072 GC heap before
{Heap before GC invocations=7 (full 2):
 PSYoungGen      total 204800K, used 8165K [0x00000000e0000000, 0x00000000f0500000, 0x0000000100000000)
  eden space 196608K, 0% used [0x00000000e0000000,0x00000000e0000000,0x00000000ec000000)
  from space 8192K, 99% used [0x00000000ec000000,0x00000000ec7f9668,0x00000000ec800000)
  to   space 15360K, 0% used [0x00000000ef600000,0x00000000ef600000,0x00000000f0500000)
 ParOldGen       total 95232K, used 19329K [0x00000000a0000000, 0x00000000a5d00000, 0x00000000e0000000)
  object space 95232K, 20% used [0x00000000a0000000,0x00000000a12e0448,0x00000000a5d00000)
 Metaspace       used 34603K, capacity 35374K, committed 35456K, reserved 1079296K
  class space    used 4740K, capacity 4961K, committed 4992K, reserved 1048576K
Event: 6.188 GC heap after
Heap after GC invocations=7 (full 2):
 PSYoungGen      total 204800K, used 0K [0x00000000e0000000, 0x00000000f0500000, 0x0000000100000000)
  eden space 196608K, 0% used [0x00000000e0000000,0x00000000e0000000,0x00000000ec000000)
  from space 8192K, 0% used [0x00000000ec000000,0x00000000ec000000,0x00000000ec800000)
  to   space 15360K, 0% used [0x00000000ef600000,0x00000000ef600000,0x00000000f0500000)
 ParOldGen       total 142336K, used 18046K [0x00000000a0000000, 0x00000000a8b00000, 0x00000000e0000000)
  object space 142336K, 12% used [0x00000000a0000000,0x00000000a119fb48,0x00000000a8b00000)
 Metaspace       used 34599K, capacity 35368K, committed 35456K, reserved 1079296K
  class space    used 4739K, capacity 4959K, committed 4992K, reserved 1048576K
}
Event: 9.329 GC heap before
{Heap before GC invocations=8 (full 2):
 PSYoungGen      total 204800K, used 196608K [0x00000000e0000000, 0x00000000f0500000, 0x0000000100000000)
  eden space 196608K, 100% used [0x00000000e0000000,0x00000000ec000000,0x00000000ec000000)
  from space 8192K, 0% used [0x00000000ec000000,0x00000000ec000000,0x00000000ec800000)
  to   space 15360K, 0% used [0x00000000ef600000,0x00000000ef600000,0x00000000f0500000)
 ParOldGen       total 142336K, used 18046K [0x00000000a0000000, 0x00000000a8b00000, 0x00000000e0000000)
  object space 142336K, 12% used [0x00000000a0000000,0x00000000a119fb48,0x00000000a8b00000)
 Metaspace       used 50793K, capacity 52480K, committed 52736K, reserved 1095680K
  class space    used 6748K, capacity 7118K, committed 7168K, reserved 1048576K
Event: 9.367 GC heap after
Heap after GC invocations=8 (full 2):
 PSYoungGen      total 245760K, used 15333K [0x00000000e0000000, 0x00000000f3380000, 0x0000000100000000)
  eden space 230400K, 0% used [0x00000000e0000000,0x00000000e0000000,0x00000000ee100000)
  from space 15360K, 99% used [0x00000000ef600000,0x00000000f04f94e8,0x00000000f0500000)
  to   space 21504K, 0% used [0x00000000ee100000,0x00000000ee100000,0x00000000ef600000)
 ParOldGen       total 142336K, used 24944K [0x00000000a0000000, 0x00000000a8b00000, 0x00000000e0000000)
  object space 142336K, 17% used [0x00000000a0000000,0x00000000a185c198,0x00000000a8b00000)
 Metaspace       used 50793K, capacity 52480K, committed 52736K, reserved 1095680K
  class space    used 6748K, capacity 7118K, committed 7168K, reserved 1048576K
}
Event: 10.433 GC heap before
{Heap before GC invocations=9 (full 2):
 PSYoungGen      total 245760K, used 99146K [0x00000000e0000000, 0x00000000f3380000, 0x0000000100000000)
  eden space 230400K, 36% used [0x00000000e0000000,0x00000000e51d9448,0x00000000ee100000)
  from space 15360K, 99% used [0x00000000ef600000,0x00000000f04f94e8,0x00000000f0500000)
  to   space 21504K, 0% used [0x00000000ee100000,0x00000000ee100000,0x00000000ef600000)
 ParOldGen       total 142336K, used 24944K [0x00000000a0000000, 0x00000000a8b00000, 0x00000000e0000000)
  object space 142336K, 17% used [0x00000000a0000000,0x00000000a185c198,0x00000000a8b00000)
 Metaspace       used 57104K, capacity 59062K, committed 59096K, reserved 1099776K
  class space    used 7644K, capacity 8050K, committed 8064K, reserved 1048576K
Event: 10.461 GC heap after
Heap after GC invocations=9 (full 2):
 PSYoungGen      total 251904K, used 19959K [0x00000000e0000000, 0x00000000f6b80000, 0x0000000100000000)
  eden space 230400K, 0% used [0x00000000e0000000,0x00000000e0000000,0x00000000ee100000)
  from space 21504K, 92% used [0x00000000ee100000,0x00000000ef47df18,0x00000000ef600000)
  to   space 24064K, 0% used [0x00000000f5400000,0x00000000f5400000,0x00000000f6b80000)
 ParOldGen       total 142336K, used 25016K [0x00000000a0000000, 0x00000000a8b00000, 0x00000000e0000000)
  object space 142336K, 17% used [0x00000000a0000000,0x00000000a186e1a8,0x00000000a8b00000)
 Metaspace       used 57104K, capacity 59062K, committed 59096K, reserved 1099776K
  class space    used 7644K, capacity 8050K, committed 8064K, reserved 1048576K
}
Event: 10.461 GC heap before
{Heap before GC invocations=10 (full 3):
 PSYoungGen      total 251904K, used 19959K [0x00000000e0000000, 0x00000000f6b80000, 0x0000000100000000)
  eden space 230400K, 0% used [0x00000000e0000000,0x00000000e0000000,0x00000000ee100000)
  from space 21504K, 92% used [0x00000000ee100000,0x00000000ef47df18,0x00000000ef600000)
  to   space 24064K, 0% used [0x00000000f5400000,0x00000000f5400000,0x00000000f6b80000)
 ParOldGen       total 142336K, used 25016K [0x00000000a0000000, 0x00000000a8b00000, 0x00000000e0000000)
  object space 142336K, 17% used [0x00000000a0000000,0x00000000a186e1a8,0x00000000a8b00000)
 Metaspace       used 57104K, capacity 59062K, committed 59096K, reserved 1099776K
  class space    used 7644K, capacity 8050K, committed 8064K, reserved 1048576K

